0 info it worked if it ends with ok
1 verbose cli [ '/Users/neo/.nvm/versions/node/v7.7.3/bin/node',
1 verbose cli   '/Users/neo/.nvm/versions/node/v7.7.3/bin/npm',
1 verbose cli   'start' ]
2 info using npm@4.1.2
3 info using node@v7.7.3
4 verbose run-script [ 'prestart', 'start', 'poststart' ]
5 info lifecycle simpleserver@1.0.0~prestart: simpleserver@1.0.0
6 silly lifecycle simpleserver@1.0.0~prestart: no script for prestart, continuing
7 info lifecycle simpleserver@1.0.0~start: simpleserver@1.0.0
8 verbose lifecycle simpleserver@1.0.0~start: unsafe-perm in lifecycle true
9 verbose lifecycle simpleserver@1.0.0~start: PATH: /Users/neo/.nvm/versions/node/v7.7.3/lib/node_modules/npm/bin/node-gyp-bin:/Users/neo/Desktop/workspace/CONTINUOS_LEARNING/learn_nodejs_by_building_12_projects/simpleserver/node_modules/.bin:/Users/neo/.nvm/versions/node/v7.7.3/bin:/Users/neo/perl5/perlbrew/bin:/Users/neo/perl5/perlbrew/perls/perl-5.21.9/bin:/Users/neo/.rvm/gems/ruby-2.3.0/bin:/Users/neo/.rvm/gems/ruby-2.3.0@global/bin:/Users/neo/.rvm/rubies/ruby-2.3.0/bin:/opt/homebrew-cask/Caskroom/google-cloud-sdk/latest/google-cloud-sdk/bin:/usr/local/var/pyenv/shims:/Users/benedettologiudice/.local/bin:/Library/Frameworks/Python.framework/Versions/2.7/bin:/usr/local/bin:/usr/bin:/bin:/usr/sbin:/sbin:/opt/X11/bin:/usr/local/MacGPG2/bin:/Users/neo/workspace/gocode/bin:/usr/local/ec2/ec2-api-tools-1.7.4.0/bin:/Users/neo/bin:/usr/local/opt/go/libexec/bin:/Users/neo/.rvm/bin
10 verbose lifecycle simpleserver@1.0.0~start: CWD: /Users/neo/Desktop/workspace/CONTINUOS_LEARNING/learn_nodejs_by_building_12_projects/simpleserver
11 silly lifecycle simpleserver@1.0.0~start: Args: [ '-c', 'node server.js' ]
12 silly lifecycle simpleserver@1.0.0~start: Returned: code: 1  signal: null
13 info lifecycle simpleserver@1.0.0~start: Failed to exec start script
14 verbose stack Error: simpleserver@1.0.0 start: `node server.js`
14 verbose stack Exit status 1
14 verbose stack     at EventEmitter.<anonymous> (/Users/neo/.nvm/versions/node/v7.7.3/lib/node_modules/npm/lib/utils/lifecycle.js:279:16)
14 verbose stack     at emitTwo (events.js:106:13)
14 verbose stack     at EventEmitter.emit (events.js:194:7)
14 verbose stack     at ChildProcess.<anonymous> (/Users/neo/.nvm/versions/node/v7.7.3/lib/node_modules/npm/lib/utils/spawn.js:40:14)
14 verbose stack     at emitTwo (events.js:106:13)
14 verbose stack     at ChildProcess.emit (events.js:194:7)
14 verbose stack     at maybeClose (internal/child_process.js:899:16)
14 verbose stack     at Process.ChildProcess._handle.onexit (internal/child_process.js:226:5)
15 verbose pkgid simpleserver@1.0.0
16 verbose cwd /Users/neo/Desktop/workspace/CONTINUOS_LEARNING/learn_nodejs_by_building_12_projects/simpleserver
17 error Darwin 15.6.0
18 error argv "/Users/neo/.nvm/versions/node/v7.7.3/bin/node" "/Users/neo/.nvm/versions/node/v7.7.3/bin/npm" "start"
19 error node v7.7.3
20 error npm  v4.1.2
21 error code ELIFECYCLE
22 error simpleserver@1.0.0 start: `node server.js`
22 error Exit status 1
23 error Failed at the simpleserver@1.0.0 start script 'node server.js'.
23 error Make sure you have the latest version of node.js and npm installed.
23 error If you do, this is most likely a problem with the simpleserver package,
23 error not with npm itself.
23 error Tell the author that this fails on your system:
23 error     node server.js
23 error You can get information on how to open an issue for this project with:
23 error     npm bugs simpleserver
23 error Or if that isn't available, you can get their info via:
23 error     npm owner ls simpleserver
23 error There is likely additional logging output above.
24 verbose exit [ 1, true ]
